<?xml version="1.0" encoding="utf-8"?><testsuites name="pytest tests"><testsuite name="pytest" errors="0" failures="0" skipped="0" tests="39" time="11.375" timestamp="2026-07-14T17:39:20.541336+00:00" hostname="agent-env-bf5d1757-60bd-4289-aafc-b29eb01728ec"><testcase classname="backend.tests.test_backend_api.TestAuth" name="test_me_without_token_returns_401" time="0.161" /><testcase classname="backend.tests.test_backend_api.TestAuth" name="test_me_with_invalid_token_returns_401" time="0.148" /><testcase classname="backend.tests.test_backend_api.TestAuth" name="test_me_with_valid_token" time="0.127" /><testcase classname="backend.tests.test_backend_api.TestAuth" name="test_me_with_expired_session" time="0.711" /><testcase classname="backend.tests.test_backend_api.TestAuth" name="test_logout_deletes_session" time="0.188" /><testcase classname="backend.tests.test_backend_api.TestHousehold" name="test_get_household_returns_members_and_invite_code" time="0.107" /><testcase classname="backend.tests.test_backend_api.TestHousehold" name="test_join_household_success" time="0.138" /><testcase classname="backend.tests.test_backend_api.TestHousehold" name="test_join_household_unknown_code_404" time="0.255" /><testcase classname="backend.tests.test_backend_api.TestCategories" name="test_list_default_categories_seeded" time="0.107" /><testcase classname="backend.tests.test_backend_api.TestCategories" name="test_create_update_delete_category" time="0.789" /><testcase classname="backend.tests.test_backend_api.TestCategories" name="test_subcategory_crud" time="0.349" /><testcase classname="backend.tests.test_backend_api.TestExpenses" name="test_create_list_get_update_delete_expense_with_receipt" time="0.596" /><testcase classname="backend.tests.test_backend_api.TestExpenses" name="test_create_expense_invalid_category" time="0.158" /><testcase classname="backend.tests.test_backend_api.TestDashboard" name="test_dashboard_monthly_aggregates" time="0.296" /><testcase classname="backend.tests.test_backend_api.TestDashboard" name="test_dashboard_all_periods_valid" time="0.422" /><testcase classname="backend.tests.test_backend_api.TestDashboard" name="test_dashboard_invalid_period" time="0.127" /><testcase classname="backend.tests.test_backend_api.TestIsolation" name="test_user_a_cannot_see_household_b_categories" time="0.282" /><testcase classname="backend.tests.test_backend_api.TestIsolation" name="test_user_a_cannot_see_household_b_expenses" time="0.391" /><testcase classname="backend.tests.test_premium_features.TestSubscriptionStatus" name="test_new_user_free_phase" time="0.147" /><testcase classname="backend.tests.test_premium_features.TestSubscriptionStatus" name="test_premium_trial_phase" time="0.128" /><testcase classname="backend.tests.test_premium_features.TestSubscriptionStatus" name="test_expired_phase" time="0.120" /><testcase classname="backend.tests.test_premium_features.TestSubscriptionStatus" name="test_paid_phase" time="0.117" /><testcase classname="backend.tests.test_premium_features.TestSubscriptionActivate" name="test_founding_lock_within_60_days" time="0.151" /><testcase classname="backend.tests.test_premium_features.TestSubscriptionActivate" name="test_founding_offer_unavailable_after_60_days" time="0.108" /><testcase classname="backend.tests.test_premium_features.TestSubscriptionActivate" name="test_monthly_and_annual_still_work_after_60_days" time="0.189" /><testcase classname="backend.tests.test_premium_features.TestSubscriptionActivate" name="test_unknown_plan_400" time="0.107" /><testcase classname="backend.tests.test_premium_features.TestPremiumGating" name="test_free_user_blocked_on_all_premium_endpoints" time="0.442" /><testcase classname="backend.tests.test_premium_features.TestPremiumGating" name="test_premium_trial_user_can_access" time="0.307" /><testcase classname="backend.tests.test_premium_features.TestBudgets" name="test_create_list_uniqueness_update_delete" time="0.519" /><testcase classname="backend.tests.test_premium_features.TestBudgets" name="test_budget_invalid_category" time="0.128" /><testcase classname="backend.tests.test_premium_features.TestRecurring" name="test_create_auto_run_via_list_expenses" time="0.231" /><testcase classname="backend.tests.test_premium_features.TestRecurring" name="test_weekly_advances_by_7_days" time="0.228" /><testcase classname="backend.tests.test_premium_features.TestRecurring" name="test_update_and_delete_recurring" time="0.388" /><testcase classname="backend.tests.test_premium_features.TestReminders" name="test_crud" time="0.330" /><testcase classname="backend.tests.test_premium_features.TestCsvExport" name="test_csv_header_and_escaping" time="0.210" /><testcase classname="backend.tests.test_premium_features.TestCsvExport" name="test_csv_date_range_filter_excludes" time="0.235" /><testcase classname="backend.tests.test_premium_features.TestDashboardBudgets" name="test_budgets_present_in_monthly_empty_in_others" time="0.594" /><testcase classname="backend.tests.test_premium_features.TestExpenseFiltersExtended" name="test_q_paid_by_min_max" time="0.625" /><testcase classname="backend.tests.test_premium_features.TestPremiumIsolation" name="test_budgets_recurring_reminders_isolated" time="0.656" /></testsuite></testsuites>