<?xml version="1.0" encoding="utf-8"?><testsuites name="pytest tests"><testsuite name="pytest" errors="0" failures="0" skipped="0" tests="21" time="6.433" timestamp="2026-07-14T17:39:08.163514+00:00" hostname="agent-env-bf5d1757-60bd-4289-aafc-b29eb01728ec"><testcase classname="backend.tests.test_premium_features.TestSubscriptionStatus" name="test_new_user_free_phase" time="0.362" /><testcase classname="backend.tests.test_premium_features.TestSubscriptionStatus" name="test_premium_trial_phase" time="0.146" /><testcase classname="backend.tests.test_premium_features.TestSubscriptionStatus" name="test_expired_phase" time="0.127" /><testcase classname="backend.tests.test_premium_features.TestSubscriptionStatus" name="test_paid_phase" time="0.104" /><testcase classname="backend.tests.test_premium_features.TestSubscriptionActivate" name="test_founding_lock_within_60_days" time="0.194" /><testcase classname="backend.tests.test_premium_features.TestSubscriptionActivate" name="test_founding_offer_unavailable_after_60_days" time="0.176" /><testcase classname="backend.tests.test_premium_features.TestSubscriptionActivate" name="test_monthly_and_annual_still_work_after_60_days" time="0.204" /><testcase classname="backend.tests.test_premium_features.TestSubscriptionActivate" name="test_unknown_plan_400" time="0.109" /><testcase classname="backend.tests.test_premium_features.TestPremiumGating" name="test_free_user_blocked_on_all_premium_endpoints" time="0.448" /><testcase classname="backend.tests.test_premium_features.TestPremiumGating" name="test_premium_trial_user_can_access" time="0.420" /><testcase classname="backend.tests.test_premium_features.TestBudgets" name="test_create_list_uniqueness_update_delete" time="0.500" /><testcase classname="backend.tests.test_premium_features.TestBudgets" name="test_budget_invalid_category" time="0.111" /><testcase classname="backend.tests.test_premium_features.TestRecurring" name="test_create_auto_run_via_list_expenses" time="0.247" /><testcase classname="backend.tests.test_premium_features.TestRecurring" name="test_weekly_advances_by_7_days" time="0.219" /><testcase classname="backend.tests.test_premium_features.TestRecurring" name="test_update_and_delete_recurring" time="0.305" /><testcase classname="backend.tests.test_premium_features.TestReminders" name="test_crud" time="0.366" /><testcase classname="backend.tests.test_premium_features.TestCsvExport" name="test_csv_header_and_escaping" time="0.274" /><testcase classname="backend.tests.test_premium_features.TestCsvExport" name="test_csv_date_range_filter_excludes" time="0.280" /><testcase classname="backend.tests.test_premium_features.TestDashboardBudgets" name="test_budgets_present_in_monthly_empty_in_others" time="0.413" /><testcase classname="backend.tests.test_premium_features.TestExpenseFiltersExtended" name="test_q_paid_by_min_max" time="0.597" /><testcase classname="backend.tests.test_premium_features.TestPremiumIsolation" name="test_budgets_recurring_reminders_isolated" time="0.756" /></testsuite></testsuites>