<?xml version="1.0" encoding="utf-8"?><testsuites name="pytest tests"><testsuite name="pytest" errors="0" failures="0" skipped="0" tests="18" time="4.908" timestamp="2026-07-14T16:30:21.943757+00:00" hostname="agent-env-bf5d1757-60bd-4289-aafc-b29eb01728ec"><testcase classname="tests.test_backend_api.TestAuth" name="test_me_without_token_returns_401" time="0.305" /><testcase classname="tests.test_backend_api.TestAuth" name="test_me_with_invalid_token_returns_401" time="0.128" /><testcase classname="tests.test_backend_api.TestAuth" name="test_me_with_valid_token" time="0.191" /><testcase classname="tests.test_backend_api.TestAuth" name="test_me_with_expired_session" time="0.156" /><testcase classname="tests.test_backend_api.TestAuth" name="test_logout_deletes_session" time="0.162" /><testcase classname="tests.test_backend_api.TestHousehold" name="test_get_household_returns_members_and_invite_code" time="0.226" /><testcase classname="tests.test_backend_api.TestHousehold" name="test_join_household_success" time="0.201" /><testcase classname="tests.test_backend_api.TestHousehold" name="test_join_household_unknown_code_404" time="0.122" /><testcase classname="tests.test_backend_api.TestCategories" name="test_list_default_categories_seeded" time="0.170" /><testcase classname="tests.test_backend_api.TestCategories" name="test_create_update_delete_category" time="0.398" /><testcase classname="tests.test_backend_api.TestCategories" name="test_subcategory_crud" time="0.333" /><testcase classname="tests.test_backend_api.TestExpenses" name="test_create_list_get_update_delete_expense_with_receipt" time="0.594" /><testcase classname="tests.test_backend_api.TestExpenses" name="test_create_expense_invalid_category" time="0.109" /><testcase classname="tests.test_backend_api.TestDashboard" name="test_dashboard_monthly_aggregates" time="0.418" /><testcase classname="tests.test_backend_api.TestDashboard" name="test_dashboard_all_periods_valid" time="0.382" /><testcase classname="tests.test_backend_api.TestDashboard" name="test_dashboard_invalid_period" time="0.221" /><testcase classname="tests.test_backend_api.TestIsolation" name="test_user_a_cannot_see_household_b_categories" time="0.356" /><testcase classname="tests.test_backend_api.TestIsolation" name="test_user_a_cannot_see_household_b_expenses" time="0.373" /></testsuite></testsuites>